CRITICAL - 2021-01-27 09:52:50 --> syntax error, unexpected '__construct' (T_STRING), expecting function (T_FUNCTION) or const (T_CONST)
#0 C:\xampp\htdocs\uasgis\vendor\codeigniter4\framework\system\Autoloader\Autoloader.php(296): CodeIgniter\Autoloader\Autoloader->requireFile('C:\\xampp\\htdocs...')
#1 C:\xampp\htdocs\uasgis\vendor\codeigniter4\framework\system\Autoloader\Autoloader.php(258): CodeIgniter\Autoloader\Autoloader->loadInNamespace('App\\Controllers...')
#2 [internal function]: CodeIgniter\Autoloader\Autoloader->loadClass('App\\Controllers...')
#3 [internal function]: spl_autoload_call('App\\Controllers...')
#4 C:\xampp\htdocs\uasgis\vendor\codeigniter4\framework\system\CodeIgniter.php(869): class_exists('\\App\\Controller...', true)
#5 C:\xampp\htdocs\uasgis\vendor\codeigniter4\framework\system\CodeIgniter.php(394): CodeIgniter\CodeIgniter->startController()
#6 C:\xampp\htdocs\uasgis\vendor\codeigniter4\framework\system\CodeIgniter.php(312): CodeIgniter\CodeIgniter->handleRequest(NULL, Object(Config\Cache), false)
#7 C:\xampp\htdocs\uasgis\public\index.php(45): CodeIgniter\CodeIgniter->run()
#8 C:\xampp\htdocs\uasgis\vendor\codeigniter4\framework\system\Commands\Server\rewrite.php(34): require_once('C:\\xampp\\htdocs...')
#9 {main}
CRITICAL - 2021-01-27 09:52:56 --> syntax error, unexpected '__construct' (T_STRING), expecting function (T_FUNCTION) or const (T_CONST)
#0 C:\xampp\htdocs\uasgis\vendor\codeigniter4\framework\system\Autoloader\Autoloader.php(296): CodeIgniter\Autoloader\Autoloader->requireFile('C:\\xampp\\htdocs...')
#1 C:\xampp\htdocs\uasgis\vendor\codeigniter4\framework\system\Autoloader\Autoloader.php(258): CodeIgniter\Autoloader\Autoloader->loadInNamespace('App\\Controllers...')
#2 [internal function]: CodeIgniter\Autoloader\Autoloader->loadClass('App\\Controllers...')
#3 [internal function]: spl_autoload_call('App\\Controllers...')
#4 C:\xampp\htdocs\uasgis\vendor\codeigniter4\framework\system\CodeIgniter.php(869): class_exists('\\App\\Controller...', true)
#5 C:\xampp\htdocs\uasgis\vendor\codeigniter4\framework\system\CodeIgniter.php(394): CodeIgniter\CodeIgniter->startController()
#6 C:\xampp\htdocs\uasgis\vendor\codeigniter4\framework\system\CodeIgniter.php(312): CodeIgniter\CodeIgniter->handleRequest(NULL, Object(Config\Cache), false)
#7 C:\xampp\htdocs\uasgis\public\index.php(45): CodeIgniter\CodeIgniter->run()
#8 C:\xampp\htdocs\uasgis\vendor\codeigniter4\framework\system\Commands\Server\rewrite.php(34): require_once('C:\\xampp\\htdocs...')
#9 {main}
CRITICAL - 2021-01-27 09:53:06 --> syntax error, unexpected '__construct' (T_STRING), expecting function (T_FUNCTION) or const (T_CONST)
#0 C:\xampp\htdocs\uasgis\vendor\codeigniter4\framework\system\Autoloader\Autoloader.php(296): CodeIgniter\Autoloader\Autoloader->requireFile('C:\\xampp\\htdocs...')
#1 C:\xampp\htdocs\uasgis\vendor\codeigniter4\framework\system\Autoloader\Autoloader.php(258): CodeIgniter\Autoloader\Autoloader->loadInNamespace('App\\Controllers...')
#2 [internal function]: CodeIgniter\Autoloader\Autoloader->loadClass('App\\Controllers...')
#3 [internal function]: spl_autoload_call('App\\Controllers...')
#4 C:\xampp\htdocs\uasgis\vendor\codeigniter4\framework\system\CodeIgniter.php(869): class_exists('\\App\\Controller...', true)
#5 C:\xampp\htdocs\uasgis\vendor\codeigniter4\framework\system\CodeIgniter.php(394): CodeIgniter\CodeIgniter->startController()
#6 C:\xampp\htdocs\uasgis\vendor\codeigniter4\framework\system\CodeIgniter.php(312): CodeIgniter\CodeIgniter->handleRequest(NULL, Object(Config\Cache), false)
#7 C:\xampp\htdocs\uasgis\public\index.php(45): CodeIgniter\CodeIgniter->run()
#8 C:\xampp\htdocs\uasgis\vendor\codeigniter4\framework\system\Commands\Server\rewrite.php(34): require_once('C:\\xampp\\htdocs...')
#9 {main}
CRITICAL - 2021-01-27 09:53:21 --> syntax error, unexpected '__construct' (T_STRING), expecting function (T_FUNCTION) or const (T_CONST)
#0 C:\xampp\htdocs\uasgis\vendor\codeigniter4\framework\system\Autoloader\Autoloader.php(296): CodeIgniter\Autoloader\Autoloader->requireFile('C:\\xampp\\htdocs...')
#1 C:\xampp\htdocs\uasgis\vendor\codeigniter4\framework\system\Autoloader\Autoloader.php(258): CodeIgniter\Autoloader\Autoloader->loadInNamespace('App\\Controllers...')
#2 [internal function]: CodeIgniter\Autoloader\Autoloader->loadClass('App\\Controllers...')
#3 [internal function]: spl_autoload_call('App\\Controllers...')
#4 C:\xampp\htdocs\uasgis\vendor\codeigniter4\framework\system\CodeIgniter.php(869): class_exists('\\App\\Controller...', true)
#5 C:\xampp\htdocs\uasgis\vendor\codeigniter4\framework\system\CodeIgniter.php(394): CodeIgniter\CodeIgniter->startController()
#6 C:\xampp\htdocs\uasgis\vendor\codeigniter4\framework\system\CodeIgniter.php(312): CodeIgniter\CodeIgniter->handleRequest(NULL, Object(Config\Cache), false)
#7 C:\xampp\htdocs\uasgis\public\index.php(45): CodeIgniter\CodeIgniter->run()
#8 C:\xampp\htdocs\uasgis\vendor\codeigniter4\framework\system\Commands\Server\rewrite.php(34): require_once('C:\\xampp\\htdocs...')
#9 {main}
CRITICAL - 2021-01-27 09:53:54 --> syntax error, unexpected '__construct' (T_STRING), expecting function (T_FUNCTION) or const (T_CONST)
#0 C:\xampp\htdocs\uasgis\vendor\codeigniter4\framework\system\Autoloader\Autoloader.php(296): CodeIgniter\Autoloader\Autoloader->requireFile('C:\\xampp\\htdocs...')
#1 C:\xampp\htdocs\uasgis\vendor\codeigniter4\framework\system\Autoloader\Autoloader.php(258): CodeIgniter\Autoloader\Autoloader->loadInNamespace('App\\Controllers...')
#2 [internal function]: CodeIgniter\Autoloader\Autoloader->loadClass('App\\Controllers...')
#3 [internal function]: spl_autoload_call('App\\Controllers...')
#4 C:\xampp\htdocs\uasgis\vendor\codeigniter4\framework\system\CodeIgniter.php(869): class_exists('\\App\\Controller...', true)
#5 C:\xampp\htdocs\uasgis\vendor\codeigniter4\framework\system\CodeIgniter.php(394): CodeIgniter\CodeIgniter->startController()
#6 C:\xampp\htdocs\uasgis\vendor\codeigniter4\framework\system\CodeIgniter.php(312): CodeIgniter\CodeIgniter->handleRequest(NULL, Object(Config\Cache), false)
#7 C:\xampp\htdocs\uasgis\public\index.php(45): CodeIgniter\CodeIgniter->run()
#8 C:\xampp\htdocs\uasgis\vendor\codeigniter4\framework\system\Commands\Server\rewrite.php(34): require_once('C:\\xampp\\htdocs...')
#9 {main}
CRITICAL - 2021-01-27 09:54:10 --> syntax error, unexpected '__construct' (T_STRING), expecting function (T_FUNCTION) or const (T_CONST)
#0 C:\xampp\htdocs\uasgis\vendor\codeigniter4\framework\system\Autoloader\Autoloader.php(296): CodeIgniter\Autoloader\Autoloader->requireFile('C:\\xampp\\htdocs...')
#1 C:\xampp\htdocs\uasgis\vendor\codeigniter4\framework\system\Autoloader\Autoloader.php(258): CodeIgniter\Autoloader\Autoloader->loadInNamespace('App\\Controllers...')
#2 [internal function]: CodeIgniter\Autoloader\Autoloader->loadClass('App\\Controllers...')
#3 [internal function]: spl_autoload_call('App\\Controllers...')
#4 C:\xampp\htdocs\uasgis\vendor\codeigniter4\framework\system\CodeIgniter.php(869): class_exists('\\App\\Controller...', true)
#5 C:\xampp\htdocs\uasgis\vendor\codeigniter4\framework\system\CodeIgniter.php(394): CodeIgniter\CodeIgniter->startController()
#6 C:\xampp\htdocs\uasgis\vendor\codeigniter4\framework\system\CodeIgniter.php(312): CodeIgniter\CodeIgniter->handleRequest(NULL, Object(Config\Cache), false)
#7 C:\xampp\htdocs\uasgis\public\index.php(45): CodeIgniter\CodeIgniter->run()
#8 C:\xampp\htdocs\uasgis\vendor\codeigniter4\framework\system\Commands\Server\rewrite.php(34): require_once('C:\\xampp\\htdocs...')
#9 {main}
CRITICAL - 2021-01-27 09:54:39 --> syntax error, unexpected 'use' (T_USE), expecting '{'
#0 C:\xampp\htdocs\uasgis\vendor\codeigniter4\framework\system\Autoloader\Autoloader.php(296): CodeIgniter\Autoloader\Autoloader->requireFile('C:\\xampp\\htdocs...')
#1 C:\xampp\htdocs\uasgis\vendor\codeigniter4\framework\system\Autoloader\Autoloader.php(258): CodeIgniter\Autoloader\Autoloader->loadInNamespace('App\\Models\\M_Ku...')
#2 [internal function]: CodeIgniter\Autoloader\Autoloader->loadClass('App\\Models\\M_Ku...')
#3 C:\xampp\htdocs\uasgis\app\Controllers\Home.php(12): spl_autoload_call('App\\Models\\M_Ku...')
#4 C:\xampp\htdocs\uasgis\vendor\codeigniter4\framework\system\CodeIgniter.php(890): App\Controllers\Home->__construct()
#5 C:\xampp\htdocs\uasgis\vendor\codeigniter4\framework\system\CodeIgniter.php(399): CodeIgniter\CodeIgniter->createController()
#6 C:\xampp\htdocs\uasgis\vendor\codeigniter4\framework\system\CodeIgniter.php(312): CodeIgniter\CodeIgniter->handleRequest(NULL, Object(Config\Cache), false)
#7 C:\xampp\htdocs\uasgis\public\index.php(45): CodeIgniter\CodeIgniter->run()
#8 C:\xampp\htdocs\uasgis\vendor\codeigniter4\framework\system\Commands\Server\rewrite.php(34): require_once('C:\\xampp\\htdocs...')
#9 {main}
CRITICAL - 2021-01-27 09:54:58 --> syntax error, unexpected 'use' (T_USE), expecting '{'
#0 C:\xampp\htdocs\uasgis\vendor\codeigniter4\framework\system\Autoloader\Autoloader.php(296): CodeIgniter\Autoloader\Autoloader->requireFile('C:\\xampp\\htdocs...')
#1 C:\xampp\htdocs\uasgis\vendor\codeigniter4\framework\system\Autoloader\Autoloader.php(258): CodeIgniter\Autoloader\Autoloader->loadInNamespace('App\\Models\\M_Ku...')
#2 [internal function]: CodeIgniter\Autoloader\Autoloader->loadClass('App\\Models\\M_Ku...')
#3 C:\xampp\htdocs\uasgis\app\Controllers\Home.php(12): spl_autoload_call('App\\Models\\M_Ku...')
#4 C:\xampp\htdocs\uasgis\vendor\codeigniter4\framework\system\CodeIgniter.php(890): App\Controllers\Home->__construct()
#5 C:\xampp\htdocs\uasgis\vendor\codeigniter4\framework\system\CodeIgniter.php(399): CodeIgniter\CodeIgniter->createController()
#6 C:\xampp\htdocs\uasgis\vendor\codeigniter4\framework\system\CodeIgniter.php(312): CodeIgniter\CodeIgniter->handleRequest(NULL, Object(Config\Cache), false)
#7 C:\xampp\htdocs\uasgis\public\index.php(45): CodeIgniter\CodeIgniter->run()
#8 C:\xampp\htdocs\uasgis\vendor\codeigniter4\framework\system\Commands\Server\rewrite.php(34): require_once('C:\\xampp\\htdocs...')
#9 {main}
CRITICAL - 2021-01-27 09:55:15 --> syntax error, unexpected 'use' (T_USE), expecting '{'
#0 C:\xampp\htdocs\uasgis\vendor\codeigniter4\framework\system\Autoloader\Autoloader.php(296): CodeIgniter\Autoloader\Autoloader->requireFile('C:\\xampp\\htdocs...')
#1 C:\xampp\htdocs\uasgis\vendor\codeigniter4\framework\system\Autoloader\Autoloader.php(258): CodeIgniter\Autoloader\Autoloader->loadInNamespace('App\\Models\\M_Ku...')
#2 [internal function]: CodeIgniter\Autoloader\Autoloader->loadClass('App\\Models\\M_Ku...')
#3 C:\xampp\htdocs\uasgis\app\Controllers\Home.php(12): spl_autoload_call('App\\Models\\M_Ku...')
#4 C:\xampp\htdocs\uasgis\vendor\codeigniter4\framework\system\CodeIgniter.php(890): App\Controllers\Home->__construct()
#5 C:\xampp\htdocs\uasgis\vendor\codeigniter4\framework\system\CodeIgniter.php(399): CodeIgniter\CodeIgniter->createController()
#6 C:\xampp\htdocs\uasgis\vendor\codeigniter4\framework\system\CodeIgniter.php(312): CodeIgniter\CodeIgniter->handleRequest(NULL, Object(Config\Cache), false)
#7 C:\xampp\htdocs\uasgis\public\index.php(45): CodeIgniter\CodeIgniter->run()
#8 C:\xampp\htdocs\uasgis\vendor\codeigniter4\framework\system\Commands\Server\rewrite.php(34): require_once('C:\\xampp\\htdocs...')
#9 {main}
CRITICAL - 2021-01-27 09:55:54 --> Undefined variable: M_kuwasen
#0 C:\xampp\htdocs\uasgis\app\Controllers\Home.php(12): CodeIgniter\Debug\Exceptions->errorHandler(8, 'Undefined varia...', 'C:\\xampp\\htdocs...', 12, Array)
#1 C:\xampp\htdocs\uasgis\vendor\codeigniter4\framework\system\CodeIgniter.php(890): App\Controllers\Home->__construct()
#2 C:\xampp\htdocs\uasgis\vendor\codeigniter4\framework\system\CodeIgniter.php(399): CodeIgniter\CodeIgniter->createController()
#3 C:\xampp\htdocs\uasgis\vendor\codeigniter4\framework\system\CodeIgniter.php(312): CodeIgniter\CodeIgniter->handleRequest(NULL, Object(Config\Cache), false)
#4 C:\xampp\htdocs\uasgis\public\index.php(45): CodeIgniter\CodeIgniter->run()
#5 C:\xampp\htdocs\uasgis\vendor\codeigniter4\framework\system\Commands\Server\rewrite.php(34): require_once('C:\\xampp\\htdocs...')
#6 {main}
CRITICAL - 2021-01-27 09:56:06 --> Call to undefined method App\Controllers\Home::M_kuwasen()
#0 C:\xampp\htdocs\uasgis\vendor\codeigniter4\framework\system\CodeIgniter.php(918): App\Controllers\Home->index()
#1 C:\xampp\htdocs\uasgis\vendor\codeigniter4\framework\system\CodeIgniter.php(404): CodeIgniter\CodeIgniter->runController(Object(App\Controllers\Home))
#2 C:\xampp\htdocs\uasgis\vendor\codeigniter4\framework\system\CodeIgniter.php(312): CodeIgniter\CodeIgniter->handleRequest(NULL, Object(Config\Cache), false)
#3 C:\xampp\htdocs\uasgis\public\index.php(45): CodeIgniter\CodeIgniter->run()
#4 C:\xampp\htdocs\uasgis\vendor\codeigniter4\framework\system\Commands\Server\rewrite.php(34): require_once('C:\\xampp\\htdocs...')
#5 {main}
CRITICAL - 2021-01-27 09:56:42 --> Trying to get property 'id' of non-object
#0 C:\xampp\htdocs\uasgis\app\Views\index.php(6): CodeIgniter\Debug\Exceptions->errorHandler(8, 'Trying to get p...', 'C:\\xampp\\htdocs...', 6, Array)
#1 C:\xampp\htdocs\uasgis\vendor\codeigniter4\framework\system\View\View.php(246): include('C:\\xampp\\htdocs...')
#2 C:\xampp\htdocs\uasgis\vendor\codeigniter4\framework\system\Common.php(1119): CodeIgniter\View\View->render('index', Array, true)
#3 C:\xampp\htdocs\uasgis\app\Controllers\Home.php(22): view('index', Array)
#4 C:\xampp\htdocs\uasgis\vendor\codeigniter4\framework\system\CodeIgniter.php(918): App\Controllers\Home->index()
#5 C:\xampp\htdocs\uasgis\vendor\codeigniter4\framework\system\CodeIgniter.php(404): CodeIgniter\CodeIgniter->runController(Object(App\Controllers\Home))
#6 C:\xampp\htdocs\uasgis\vendor\codeigniter4\framework\system\CodeIgniter.php(312): CodeIgniter\CodeIgniter->handleRequest(NULL, Object(Config\Cache), false)
#7 C:\xampp\htdocs\uasgis\public\index.php(45): CodeIgniter\CodeIgniter->run()
#8 C:\xampp\htdocs\uasgis\vendor\codeigniter4\framework\system\Commands\Server\rewrite.php(34): require_once('C:\\xampp\\htdocs...')
#9 {main}
CRITICAL - 2021-01-27 10:33:16 --> Trying to get property 'koordinat' of non-object
#0 C:\xampp\htdocs\uasgis\app\Views\index.php(49): CodeIgniter\Debug\Exceptions->errorHandler(8, 'Trying to get p...', 'C:\\xampp\\htdocs...', 49, Array)
#1 C:\xampp\htdocs\uasgis\vendor\codeigniter4\framework\system\View\View.php(246): include('C:\\xampp\\htdocs...')
#2 C:\xampp\htdocs\uasgis\vendor\codeigniter4\framework\system\Common.php(1119): CodeIgniter\View\View->render('index', Array, true)
#3 C:\xampp\htdocs\uasgis\app\Controllers\Home.php(22): view('index', Array)
#4 C:\xampp\htdocs\uasgis\vendor\codeigniter4\framework\system\CodeIgniter.php(918): App\Controllers\Home->index()
#5 C:\xampp\htdocs\uasgis\vendor\codeigniter4\framework\system\CodeIgniter.php(404): CodeIgniter\CodeIgniter->runController(Object(App\Controllers\Home))
#6 C:\xampp\htdocs\uasgis\vendor\codeigniter4\framework\system\CodeIgniter.php(312): CodeIgniter\CodeIgniter->handleRequest(NULL, Object(Config\Cache), false)
#7 C:\xampp\htdocs\uasgis\public\index.php(45): CodeIgniter\CodeIgniter->run()
#8 C:\xampp\htdocs\uasgis\vendor\codeigniter4\framework\system\Commands\Server\rewrite.php(34): require_once('C:\\xampp\\htdocs...')
#9 {main}
CRITICAL - 2021-01-27 10:36:21 --> Trying to get property 'koordinat' of non-object
#0 C:\xampp\htdocs\uasgis\app\Views\index.php(49): CodeIgniter\Debug\Exceptions->errorHandler(8, 'Trying to get p...', 'C:\\xampp\\htdocs...', 49, Array)
#1 C:\xampp\htdocs\uasgis\vendor\codeigniter4\framework\system\View\View.php(246): include('C:\\xampp\\htdocs...')
#2 C:\xampp\htdocs\uasgis\vendor\codeigniter4\framework\system\Common.php(1119): CodeIgniter\View\View->render('index', Array, true)
#3 C:\xampp\htdocs\uasgis\app\Controllers\Home.php(22): view('index', Array)
#4 C:\xampp\htdocs\uasgis\vendor\codeigniter4\framework\system\CodeIgniter.php(918): App\Controllers\Home->index()
#5 C:\xampp\htdocs\uasgis\vendor\codeigniter4\framework\system\CodeIgniter.php(404): CodeIgniter\CodeIgniter->runController(Object(App\Controllers\Home))
#6 C:\xampp\htdocs\uasgis\vendor\codeigniter4\framework\system\CodeIgniter.php(312): CodeIgniter\CodeIgniter->handleRequest(NULL, Object(Config\Cache), false)
#7 C:\xampp\htdocs\uasgis\public\index.php(45): CodeIgniter\CodeIgniter->run()
#8 C:\xampp\htdocs\uasgis\vendor\codeigniter4\framework\system\Commands\Server\rewrite.php(34): require_once('C:\\xampp\\htdocs...')
#9 {main}
CRITICAL - 2021-01-27 10:37:07 --> Trying to get property 'koordinat' of non-object
#0 C:\xampp\htdocs\uasgis\app\Views\index.php(49): CodeIgniter\Debug\Exceptions->errorHandler(8, 'Trying to get p...', 'C:\\xampp\\htdocs...', 49, Array)
#1 C:\xampp\htdocs\uasgis\vendor\codeigniter4\framework\system\View\View.php(246): include('C:\\xampp\\htdocs...')
#2 C:\xampp\htdocs\uasgis\vendor\codeigniter4\framework\system\Common.php(1119): CodeIgniter\View\View->render('index', Array, true)
#3 C:\xampp\htdocs\uasgis\app\Controllers\Home.php(22): view('index', Array)
#4 C:\xampp\htdocs\uasgis\vendor\codeigniter4\framework\system\CodeIgniter.php(918): App\Controllers\Home->index()
#5 C:\xampp\htdocs\uasgis\vendor\codeigniter4\framework\system\CodeIgniter.php(404): CodeIgniter\CodeIgniter->runController(Object(App\Controllers\Home))
#6 C:\xampp\htdocs\uasgis\vendor\codeigniter4\framework\system\CodeIgniter.php(312): CodeIgniter\CodeIgniter->handleRequest(NULL, Object(Config\Cache), false)
#7 C:\xampp\htdocs\uasgis\public\index.php(45): CodeIgniter\CodeIgniter->run()
#8 C:\xampp\htdocs\uasgis\vendor\codeigniter4\framework\system\Commands\Server\rewrite.php(34): require_once('C:\\xampp\\htdocs...')
#9 {main}
CRITICAL - 2021-01-27 10:37:10 --> Trying to get property 'koordinat' of non-object
#0 C:\xampp\htdocs\uasgis\app\Views\index.php(49): CodeIgniter\Debug\Exceptions->errorHandler(8, 'Trying to get p...', 'C:\\xampp\\htdocs...', 49, Array)
#1 C:\xampp\htdocs\uasgis\vendor\codeigniter4\framework\system\View\View.php(246): include('C:\\xampp\\htdocs...')
#2 C:\xampp\htdocs\uasgis\vendor\codeigniter4\framework\system\Common.php(1119): CodeIgniter\View\View->render('index', Array, true)
#3 C:\xampp\htdocs\uasgis\app\Controllers\Home.php(22): view('index', Array)
#4 C:\xampp\htdocs\uasgis\vendor\codeigniter4\framework\system\CodeIgniter.php(918): App\Controllers\Home->index()
#5 C:\xampp\htdocs\uasgis\vendor\codeigniter4\framework\system\CodeIgniter.php(404): CodeIgniter\CodeIgniter->runController(Object(App\Controllers\Home))
#6 C:\xampp\htdocs\uasgis\vendor\codeigniter4\framework\system\CodeIgniter.php(312): CodeIgniter\CodeIgniter->handleRequest(NULL, Object(Config\Cache), false)
#7 C:\xampp\htdocs\uasgis\public\index.php(45): CodeIgniter\CodeIgniter->run()
#8 C:\xampp\htdocs\uasgis\vendor\codeigniter4\framework\system\Commands\Server\rewrite.php(34): require_once('C:\\xampp\\htdocs...')
#9 {main}
CRITICAL - 2021-01-27 10:39:31 --> Object of class stdClass could not be converted to string
#0 C:\xampp\htdocs\uasgis\app\Views\index.php(6): CodeIgniter\Debug\Exceptions->errorHandler(4096, 'Object of class...', 'C:\\xampp\\htdocs...', 6, Array)
#1 C:\xampp\htdocs\uasgis\vendor\codeigniter4\framework\system\View\View.php(246): include('C:\\xampp\\htdocs...')
#2 C:\xampp\htdocs\uasgis\vendor\codeigniter4\framework\system\Common.php(1119): CodeIgniter\View\View->render('index', Array, true)
#3 C:\xampp\htdocs\uasgis\app\Controllers\Home.php(22): view('index', Array)
#4 C:\xampp\htdocs\uasgis\vendor\codeigniter4\framework\system\CodeIgniter.php(918): App\Controllers\Home->index()
#5 C:\xampp\htdocs\uasgis\vendor\codeigniter4\framework\system\CodeIgniter.php(404): CodeIgniter\CodeIgniter->runController(Object(App\Controllers\Home))
#6 C:\xampp\htdocs\uasgis\vendor\codeigniter4\framework\system\CodeIgniter.php(312): CodeIgniter\CodeIgniter->handleRequest(NULL, Object(Config\Cache), false)
#7 C:\xampp\htdocs\uasgis\public\index.php(45): CodeIgniter\CodeIgniter->run()
#8 C:\xampp\htdocs\uasgis\vendor\codeigniter4\framework\system\Commands\Server\rewrite.php(34): require_once('C:\\xampp\\htdocs...')
#9 {main}
CRITICAL - 2021-01-27 21:46:33 --> Trying to get property 'koordinat' of non-object
#0 C:\xampp\htdocs\uasgis\app\Views\index.php(26): CodeIgniter\Debug\Exceptions->errorHandler(8, 'Trying to get p...', 'C:\\xampp\\htdocs...', 26, Array)
#1 C:\xampp\htdocs\uasgis\vendor\codeigniter4\framework\system\View\View.php(246): include('C:\\xampp\\htdocs...')
#2 C:\xampp\htdocs\uasgis\vendor\codeigniter4\framework\system\Common.php(1119): CodeIgniter\View\View->render('index', Array, true)
#3 C:\xampp\htdocs\uasgis\app\Controllers\Home.php(24): view('index', Array)
#4 C:\xampp\htdocs\uasgis\vendor\codeigniter4\framework\system\CodeIgniter.php(918): App\Controllers\Home->index()
#5 C:\xampp\htdocs\uasgis\vendor\codeigniter4\framework\system\CodeIgniter.php(404): CodeIgniter\CodeIgniter->runController(Object(App\Controllers\Home))
#6 C:\xampp\htdocs\uasgis\vendor\codeigniter4\framework\system\CodeIgniter.php(312): CodeIgniter\CodeIgniter->handleRequest(NULL, Object(Config\Cache), false)
#7 C:\xampp\htdocs\uasgis\public\index.php(45): CodeIgniter\CodeIgniter->run()
#8 C:\xampp\htdocs\uasgis\vendor\codeigniter4\framework\system\Commands\Server\rewrite.php(34): require_once('C:\\xampp\\htdocs...')
#9 {main}
CRITICAL - 2021-01-27 21:46:42 --> Trying to get property 'koordinat' of non-object
#0 C:\xampp\htdocs\uasgis\app\Views\index.php(26): CodeIgniter\Debug\Exceptions->errorHandler(8, 'Trying to get p...', 'C:\\xampp\\htdocs...', 26, Array)
#1 C:\xampp\htdocs\uasgis\vendor\codeigniter4\framework\system\View\View.php(246): include('C:\\xampp\\htdocs...')
#2 C:\xampp\htdocs\uasgis\vendor\codeigniter4\framework\system\Common.php(1119): CodeIgniter\View\View->render('index', Array, true)
#3 C:\xampp\htdocs\uasgis\app\Controllers\Home.php(24): view('index', Array)
#4 C:\xampp\htdocs\uasgis\vendor\codeigniter4\framework\system\CodeIgniter.php(918): App\Controllers\Home->index()
#5 C:\xampp\htdocs\uasgis\vendor\codeigniter4\framework\system\CodeIgniter.php(404): CodeIgniter\CodeIgniter->runController(Object(App\Controllers\Home))
#6 C:\xampp\htdocs\uasgis\vendor\codeigniter4\framework\system\CodeIgniter.php(312): CodeIgniter\CodeIgniter->handleRequest(NULL, Object(Config\Cache), false)
#7 C:\xampp\htdocs\uasgis\public\index.php(45): CodeIgniter\CodeIgniter->run()
#8 C:\xampp\htdocs\uasgis\vendor\codeigniter4\framework\system\Commands\Server\rewrite.php(34): require_once('C:\\xampp\\htdocs...')
#9 {main}
CRITICAL - 2021-01-27 21:55:42 --> Undefined variable: rt
#0 C:\xampp\htdocs\uasgis\app\Views\index.php(23): CodeIgniter\Debug\Exceptions->errorHandler(8, 'Undefined varia...', 'C:\\xampp\\htdocs...', 23, Array)
#1 C:\xampp\htdocs\uasgis\vendor\codeigniter4\framework\system\View\View.php(246): include('C:\\xampp\\htdocs...')
#2 C:\xampp\htdocs\uasgis\vendor\codeigniter4\framework\system\Common.php(1119): CodeIgniter\View\View->render('index', Array, true)
#3 C:\xampp\htdocs\uasgis\app\Controllers\Home.php(24): view('index', Array)
#4 C:\xampp\htdocs\uasgis\vendor\codeigniter4\framework\system\CodeIgniter.php(918): App\Controllers\Home->index()
#5 C:\xampp\htdocs\uasgis\vendor\codeigniter4\framework\system\CodeIgniter.php(404): CodeIgniter\CodeIgniter->runController(Object(App\Controllers\Home))
#6 C:\xampp\htdocs\uasgis\vendor\codeigniter4\framework\system\CodeIgniter.php(312): CodeIgniter\CodeIgniter->handleRequest(NULL, Object(Config\Cache), false)
#7 C:\xampp\htdocs\uasgis\public\index.php(45): CodeIgniter\CodeIgniter->run()
#8 C:\xampp\htdocs\uasgis\vendor\codeigniter4\framework\system\Commands\Server\rewrite.php(34): require_once('C:\\xampp\\htdocs...')
#9 {main}
CRITICAL - 2021-01-27 22:00:38 --> Undefined property: stdClass::$koordinats
#0 C:\xampp\htdocs\uasgis\app\Views\index.php(38): CodeIgniter\Debug\Exceptions->errorHandler(8, 'Undefined prope...', 'C:\\xampp\\htdocs...', 38, Array)
#1 C:\xampp\htdocs\uasgis\vendor\codeigniter4\framework\system\View\View.php(246): include('C:\\xampp\\htdocs...')
#2 C:\xampp\htdocs\uasgis\vendor\codeigniter4\framework\system\Common.php(1119): CodeIgniter\View\View->render('index', Array, true)
#3 C:\xampp\htdocs\uasgis\app\Controllers\Home.php(24): view('index', Array)
#4 C:\xampp\htdocs\uasgis\vendor\codeigniter4\framework\system\CodeIgniter.php(918): App\Controllers\Home->index()
#5 C:\xampp\htdocs\uasgis\vendor\codeigniter4\framework\system\CodeIgniter.php(404): CodeIgniter\CodeIgniter->runController(Object(App\Controllers\Home))
#6 C:\xampp\htdocs\uasgis\vendor\codeigniter4\framework\system\CodeIgniter.php(312): CodeIgniter\CodeIgniter->handleRequest(NULL, Object(Config\Cache), false)
#7 C:\xampp\htdocs\uasgis\public\index.php(45): CodeIgniter\CodeIgniter->run()
#8 C:\xampp\htdocs\uasgis\vendor\codeigniter4\framework\system\Commands\Server\rewrite.php(34): require_once('C:\\xampp\\htdocs...')
#9 {main}
CRITICAL - 2021-01-27 23:28:17 --> Undefined variable: vb
#0 C:\xampp\htdocs\uasgis\app\Views\rt.php(34): CodeIgniter\Debug\Exceptions->errorHandler(8, 'Undefined varia...', 'C:\\xampp\\htdocs...', 34, Array)
#1 C:\xampp\htdocs\uasgis\vendor\codeigniter4\framework\system\View\View.php(246): include('C:\\xampp\\htdocs...')
#2 C:\xampp\htdocs\uasgis\vendor\codeigniter4\framework\system\Common.php(1119): CodeIgniter\View\View->render('rt', Array, true)
#3 C:\xampp\htdocs\uasgis\app\Controllers\Home.php(35): view('rt', Array)
#4 C:\xampp\htdocs\uasgis\vendor\codeigniter4\framework\system\CodeIgniter.php(918): App\Controllers\Home->rt()
#5 C:\xampp\htdocs\uasgis\vendor\codeigniter4\framework\system\CodeIgniter.php(404): CodeIgniter\CodeIgniter->runController(Object(App\Controllers\Home))
#6 C:\xampp\htdocs\uasgis\vendor\codeigniter4\framework\system\CodeIgniter.php(312): CodeIgniter\CodeIgniter->handleRequest(NULL, Object(Config\Cache), false)
#7 C:\xampp\htdocs\uasgis\public\index.php(45): CodeIgniter\CodeIgniter->run()
#8 C:\xampp\htdocs\uasgis\vendor\codeigniter4\framework\system\Commands\Server\rewrite.php(34): require_once('C:\\xampp\\htdocs...')
#9 {main}
CRITICAL - 2021-01-27 23:33:47 --> Call to undefined function endSection()
#0 C:\xampp\htdocs\uasgis\vendor\codeigniter4\framework\system\View\View.php(246): include()
#1 C:\xampp\htdocs\uasgis\vendor\codeigniter4\framework\system\Common.php(1119): CodeIgniter\View\View->render('fasilitas', Array, true)
#2 C:\xampp\htdocs\uasgis\app\Controllers\Home.php(58): view('fasilitas', Array)
#3 C:\xampp\htdocs\uasgis\vendor\codeigniter4\framework\system\CodeIgniter.php(918): App\Controllers\Home->fasilitas()
#4 C:\xampp\htdocs\uasgis\vendor\codeigniter4\framework\system\CodeIgniter.php(404): CodeIgniter\CodeIgniter->runController(Object(App\Controllers\Home))
#5 C:\xampp\htdocs\uasgis\vendor\codeigniter4\framework\system\CodeIgniter.php(312): CodeIgniter\CodeIgniter->handleRequest(NULL, Object(Config\Cache), false)
#6 C:\xampp\htdocs\uasgis\public\index.php(45): CodeIgniter\CodeIgniter->run()
#7 C:\xampp\htdocs\uasgis\vendor\codeigniter4\framework\system\Commands\Server\rewrite.php(34): require_once('C:\\xampp\\htdocs...')
#8 {main}
