CRITICAL - 2021-01-30 00:00:28 --> syntax error, unexpected ';'
#0 C:\xampp\htdocs\uasgis\vendor\codeigniter4\framework\system\Common.php(1119): CodeIgniter\View\View->render('index', Array, true)
#1 C:\xampp\htdocs\uasgis\app\Controllers\Home.php(31): view('index', Array)
#2 C:\xampp\htdocs\uasgis\vendor\codeigniter4\framework\system\CodeIgniter.php(918): App\Controllers\Home->index()
#3 C:\xampp\htdocs\uasgis\vendor\codeigniter4\framework\system\CodeIgniter.php(404): CodeIgniter\CodeIgniter->runController(Object(App\Controllers\Home))
#4 C:\xampp\htdocs\uasgis\vendor\codeigniter4\framework\system\CodeIgniter.php(312): CodeIgniter\CodeIgniter->handleRequest(NULL, Object(Config\Cache), false)
#5 C:\xampp\htdocs\uasgis\public\index.php(45): CodeIgniter\CodeIgniter->run()
#6 C:\xampp\htdocs\uasgis\vendor\codeigniter4\framework\system\Commands\Server\rewrite.php(34): require_once('C:\\xampp\\htdocs...')
#7 {main}
CRITICAL - 2021-01-30 00:00:59 --> syntax error, unexpected ';'
#0 C:\xampp\htdocs\uasgis\vendor\codeigniter4\framework\system\Common.php(1119): CodeIgniter\View\View->render('index', Array, true)
#1 C:\xampp\htdocs\uasgis\app\Controllers\Home.php(31): view('index', Array)
#2 C:\xampp\htdocs\uasgis\vendor\codeigniter4\framework\system\CodeIgniter.php(918): App\Controllers\Home->index()
#3 C:\xampp\htdocs\uasgis\vendor\codeigniter4\framework\system\CodeIgniter.php(404): CodeIgniter\CodeIgniter->runController(Object(App\Controllers\Home))
#4 C:\xampp\htdocs\uasgis\vendor\codeigniter4\framework\system\CodeIgniter.php(312): CodeIgniter\CodeIgniter->handleRequest(NULL, Object(Config\Cache), false)
#5 C:\xampp\htdocs\uasgis\public\index.php(45): CodeIgniter\CodeIgniter->run()
#6 C:\xampp\htdocs\uasgis\vendor\codeigniter4\framework\system\Commands\Server\rewrite.php(34): require_once('C:\\xampp\\htdocs...')
#7 {main}
CRITICAL - 2021-01-30 00:01:53 --> Array to string conversion
#0 C:\xampp\htdocs\uasgis\app\Views\index.php(87): CodeIgniter\Debug\Exceptions->errorHandler(8, 'Array to string...', 'C:\\xampp\\htdocs...', 87, Array)
#1 C:\xampp\htdocs\uasgis\vendor\codeigniter4\framework\system\View\View.php(246): include('C:\\xampp\\htdocs...')
#2 C:\xampp\htdocs\uasgis\vendor\codeigniter4\framework\system\Common.php(1119): CodeIgniter\View\View->render('index', Array, true)
#3 C:\xampp\htdocs\uasgis\app\Controllers\Home.php(31): view('index', Array)
#4 C:\xampp\htdocs\uasgis\vendor\codeigniter4\framework\system\CodeIgniter.php(918): App\Controllers\Home->index()
#5 C:\xampp\htdocs\uasgis\vendor\codeigniter4\framework\system\CodeIgniter.php(404): CodeIgniter\CodeIgniter->runController(Object(App\Controllers\Home))
#6 C:\xampp\htdocs\uasgis\vendor\codeigniter4\framework\system\CodeIgniter.php(312): CodeIgniter\CodeIgniter->handleRequest(NULL, Object(Config\Cache), false)
#7 C:\xampp\htdocs\uasgis\public\index.php(45): CodeIgniter\CodeIgniter->run()
#8 C:\xampp\htdocs\uasgis\vendor\codeigniter4\framework\system\Commands\Server\rewrite.php(34): require_once('C:\\xampp\\htdocs...')
#9 {main}
CRITICAL - 2021-01-30 00:07:05 --> Undefined variable: no_tep
#0 C:\xampp\htdocs\uasgis\app\Views\index.php(84): CodeIgniter\Debug\Exceptions->errorHandler(8, 'Undefined varia...', 'C:\\xampp\\htdocs...', 84, Array)
#1 C:\xampp\htdocs\uasgis\vendor\codeigniter4\framework\system\View\View.php(246): include('C:\\xampp\\htdocs...')
#2 C:\xampp\htdocs\uasgis\vendor\codeigniter4\framework\system\Common.php(1119): CodeIgniter\View\View->render('index', Array, true)
#3 C:\xampp\htdocs\uasgis\app\Controllers\Home.php(31): view('index', Array)
#4 C:\xampp\htdocs\uasgis\vendor\codeigniter4\framework\system\CodeIgniter.php(918): App\Controllers\Home->index()
#5 C:\xampp\htdocs\uasgis\vendor\codeigniter4\framework\system\CodeIgniter.php(404): CodeIgniter\CodeIgniter->runController(Object(App\Controllers\Home))
#6 C:\xampp\htdocs\uasgis\vendor\codeigniter4\framework\system\CodeIgniter.php(312): CodeIgniter\CodeIgniter->handleRequest(NULL, Object(Config\Cache), false)
#7 C:\xampp\htdocs\uasgis\public\index.php(45): CodeIgniter\CodeIgniter->run()
#8 C:\xampp\htdocs\uasgis\vendor\codeigniter4\framework\system\Commands\Server\rewrite.php(34): require_once('C:\\xampp\\htdocs...')
#9 {main}
CRITICAL - 2021-01-30 00:07:11 --> Undefined variable: no_tep
#0 C:\xampp\htdocs\uasgis\app\Views\index.php(84): CodeIgniter\Debug\Exceptions->errorHandler(8, 'Undefined varia...', 'C:\\xampp\\htdocs...', 84, Array)
#1 C:\xampp\htdocs\uasgis\vendor\codeigniter4\framework\system\View\View.php(246): include('C:\\xampp\\htdocs...')
#2 C:\xampp\htdocs\uasgis\vendor\codeigniter4\framework\system\Common.php(1119): CodeIgniter\View\View->render('index', Array, true)
#3 C:\xampp\htdocs\uasgis\app\Controllers\Home.php(31): view('index', Array)
#4 C:\xampp\htdocs\uasgis\vendor\codeigniter4\framework\system\CodeIgniter.php(918): App\Controllers\Home->index()
#5 C:\xampp\htdocs\uasgis\vendor\codeigniter4\framework\system\CodeIgniter.php(404): CodeIgniter\CodeIgniter->runController(Object(App\Controllers\Home))
#6 C:\xampp\htdocs\uasgis\vendor\codeigniter4\framework\system\CodeIgniter.php(312): CodeIgniter\CodeIgniter->handleRequest(NULL, Object(Config\Cache), false)
#7 C:\xampp\htdocs\uasgis\public\index.php(45): CodeIgniter\CodeIgniter->run()
#8 C:\xampp\htdocs\uasgis\vendor\codeigniter4\framework\system\Commands\Server\rewrite.php(34): require_once('C:\\xampp\\htdocs...')
#9 {main}
CRITICAL - 2021-01-30 00:07:16 --> Undefined variable: no_telp
#0 C:\xampp\htdocs\uasgis\app\Views\index.php(84): CodeIgniter\Debug\Exceptions->errorHandler(8, 'Undefined varia...', 'C:\\xampp\\htdocs...', 84, Array)
#1 C:\xampp\htdocs\uasgis\vendor\codeigniter4\framework\system\View\View.php(246): include('C:\\xampp\\htdocs...')
#2 C:\xampp\htdocs\uasgis\vendor\codeigniter4\framework\system\Common.php(1119): CodeIgniter\View\View->render('index', Array, true)
#3 C:\xampp\htdocs\uasgis\app\Controllers\Home.php(31): view('index', Array)
#4 C:\xampp\htdocs\uasgis\vendor\codeigniter4\framework\system\CodeIgniter.php(918): App\Controllers\Home->index()
#5 C:\xampp\htdocs\uasgis\vendor\codeigniter4\framework\system\CodeIgniter.php(404): CodeIgniter\CodeIgniter->runController(Object(App\Controllers\Home))
#6 C:\xampp\htdocs\uasgis\vendor\codeigniter4\framework\system\CodeIgniter.php(312): CodeIgniter\CodeIgniter->handleRequest(NULL, Object(Config\Cache), false)
#7 C:\xampp\htdocs\uasgis\public\index.php(45): CodeIgniter\CodeIgniter->run()
#8 C:\xampp\htdocs\uasgis\vendor\codeigniter4\framework\system\Commands\Server\rewrite.php(34): require_once('C:\\xampp\\htdocs...')
#9 {main}
CRITICAL - 2021-01-30 00:09:09 --> Undefined variable: no_telp
#0 C:\xampp\htdocs\uasgis\app\Views\index.php(81): CodeIgniter\Debug\Exceptions->errorHandler(8, 'Undefined varia...', 'C:\\xampp\\htdocs...', 81, Array)
#1 C:\xampp\htdocs\uasgis\vendor\codeigniter4\framework\system\View\View.php(246): include('C:\\xampp\\htdocs...')
#2 C:\xampp\htdocs\uasgis\vendor\codeigniter4\framework\system\Common.php(1119): CodeIgniter\View\View->render('index', Array, true)
#3 C:\xampp\htdocs\uasgis\app\Controllers\Home.php(31): view('index', Array)
#4 C:\xampp\htdocs\uasgis\vendor\codeigniter4\framework\system\CodeIgniter.php(918): App\Controllers\Home->index()
#5 C:\xampp\htdocs\uasgis\vendor\codeigniter4\framework\system\CodeIgniter.php(404): CodeIgniter\CodeIgniter->runController(Object(App\Controllers\Home))
#6 C:\xampp\htdocs\uasgis\vendor\codeigniter4\framework\system\CodeIgniter.php(312): CodeIgniter\CodeIgniter->handleRequest(NULL, Object(Config\Cache), false)
#7 C:\xampp\htdocs\uasgis\public\index.php(45): CodeIgniter\CodeIgniter->run()
#8 C:\xampp\htdocs\uasgis\vendor\codeigniter4\framework\system\Commands\Server\rewrite.php(34): require_once('C:\\xampp\\htdocs...')
#9 {main}
CRITICAL - 2021-01-30 01:57:26 --> Undefined variable: f
#0 C:\xampp\htdocs\uasgis\app\Views\rt.php(50): CodeIgniter\Debug\Exceptions->errorHandler(8, 'Undefined varia...', 'C:\\xampp\\htdocs...', 50, Array)
#1 C:\xampp\htdocs\uasgis\vendor\codeigniter4\framework\system\View\View.php(246): include('C:\\xampp\\htdocs...')
#2 C:\xampp\htdocs\uasgis\vendor\codeigniter4\framework\system\Common.php(1119): CodeIgniter\View\View->render('rt', Array, true)
#3 C:\xampp\htdocs\uasgis\app\Controllers\Home.php(42): view('rt', Array)
#4 C:\xampp\htdocs\uasgis\vendor\codeigniter4\framework\system\CodeIgniter.php(918): App\Controllers\Home->rt()
#5 C:\xampp\htdocs\uasgis\vendor\codeigniter4\framework\system\CodeIgniter.php(404): CodeIgniter\CodeIgniter->runController(Object(App\Controllers\Home))
#6 C:\xampp\htdocs\uasgis\vendor\codeigniter4\framework\system\CodeIgniter.php(312): CodeIgniter\CodeIgniter->handleRequest(NULL, Object(Config\Cache), false)
#7 C:\xampp\htdocs\uasgis\public\index.php(45): CodeIgniter\CodeIgniter->run()
#8 C:\xampp\htdocs\uasgis\vendor\codeigniter4\framework\system\Commands\Server\rewrite.php(34): require_once('C:\\xampp\\htdocs...')
#9 {main}
CRITICAL - 2021-01-30 04:00:43 --> Undefined variable: getsegment
#0 C:\xampp\htdocs\uasgis\app\Views\layout\sidebar.php(28): CodeIgniter\Debug\Exceptions->errorHandler(8, 'Undefined varia...', 'C:\\xampp\\htdocs...', 28, Array)
#1 C:\xampp\htdocs\uasgis\vendor\codeigniter4\framework\system\View\View.php(246): include('C:\\xampp\\htdocs...')
#2 C:\xampp\htdocs\uasgis\vendor\codeigniter4\framework\system\View\View.php(525): CodeIgniter\View\View->render('layout/sidebar', NULL, true)
#3 C:\xampp\htdocs\uasgis\app\Views\layout\template.php(37): CodeIgniter\View\View->include('layout/sidebar')
#4 C:\xampp\htdocs\uasgis\vendor\codeigniter4\framework\system\View\View.php(246): include('C:\\xampp\\htdocs...')
#5 C:\xampp\htdocs\uasgis\vendor\codeigniter4\framework\system\View\View.php(257): CodeIgniter\View\View->render('layout/template', Array, true)
#6 C:\xampp\htdocs\uasgis\vendor\codeigniter4\framework\system\Common.php(1119): CodeIgniter\View\View->render('index', Array, true)
#7 C:\xampp\htdocs\uasgis\app\Controllers\Home.php(36): view('index', Array)
#8 C:\xampp\htdocs\uasgis\vendor\codeigniter4\framework\system\CodeIgniter.php(918): App\Controllers\Home->index()
#9 C:\xampp\htdocs\uasgis\vendor\codeigniter4\framework\system\CodeIgniter.php(404): CodeIgniter\CodeIgniter->runController(Object(App\Controllers\Home))
#10 C:\xampp\htdocs\uasgis\vendor\codeigniter4\framework\system\CodeIgniter.php(312): CodeIgniter\CodeIgniter->handleRequest(NULL, Object(Config\Cache), false)
#11 C:\xampp\htdocs\uasgis\public\index.php(45): CodeIgniter\CodeIgniter->run()
#12 C:\xampp\htdocs\uasgis\vendor\codeigniter4\framework\system\Commands\Server\rewrite.php(34): require_once('C:\\xampp\\htdocs...')
#13 {main}
CRITICAL - 2021-01-30 21:36:54 --> Unable to connect to the database.
#0 C:\xampp\htdocs\uasgis\vendor\codeigniter4\framework\system\Database\BaseConnection.php(646): CodeIgniter\Database\BaseConnection->initialize()
#1 C:\xampp\htdocs\uasgis\vendor\codeigniter4\framework\system\Database\BaseBuilder.php(1860): CodeIgniter\Database\BaseConnection->query('SELECT *\nFROM `...', Array, false)
#2 C:\xampp\htdocs\uasgis\vendor\codeigniter4\framework\system\Model.php(450): CodeIgniter\Database\BaseBuilder->get()
#3 C:\xampp\htdocs\uasgis\app\Controllers\Home.php(27): CodeIgniter\Model->findAll()
#4 C:\xampp\htdocs\uasgis\vendor\codeigniter4\framework\system\CodeIgniter.php(918): App\Controllers\Home->index()
#5 C:\xampp\htdocs\uasgis\vendor\codeigniter4\framework\system\CodeIgniter.php(404): CodeIgniter\CodeIgniter->runController(Object(App\Controllers\Home))
#6 C:\xampp\htdocs\uasgis\vendor\codeigniter4\framework\system\CodeIgniter.php(312): CodeIgniter\CodeIgniter->handleRequest(NULL, Object(Config\Cache), false)
#7 C:\xampp\htdocs\uasgis\public\index.php(45): CodeIgniter\CodeIgniter->run()
#8 C:\xampp\htdocs\uasgis\vendor\codeigniter4\framework\system\Commands\Server\rewrite.php(34): require_once('C:\\xampp\\htdocs...')
#9 {main}
CRITICAL - 2021-01-30 21:36:55 --> Uncaught ErrorException: print_r(): Property access is not allowed yet in C:\xampp\htdocs\uasgis\app\Views\errors\html\error_exception.php:100
Stack trace:
#0 [internal function]: CodeIgniter\Debug\Exceptions->errorHandler(2, 'print_r(): Prop...', 'C:\\xampp\\htdocs...', 100, Array)
#1 C:\xampp\htdocs\uasgis\app\Views\errors\html\error_exception.php(100): print_r(Object(App\Controllers\Home), true)
#2 C:\xampp\htdocs\uasgis\vendor\codeigniter4\framework\system\Debug\Exceptions.php(308): include('C:\\xampp\\htdocs...')
#3 C:\xampp\htdocs\uasgis\vendor\codeigniter4\framework\system\Debug\Exceptions.php(174): CodeIgniter\Debug\Exceptions->render(Object(CodeIgniter\Database\Exceptions\DatabaseException), 500)
#4 [internal function]: CodeIgniter\Debug\Exceptions->exceptionHandler(Object(CodeIgniter\Database\Exceptions\DatabaseException))
#5 {main}
  thrown
#0 [internal function]: CodeIgniter\Debug\Exceptions->shutdownHandler()
#1 {main}
