CRITICAL - 2021-01-26 02:09:15 --> Invalid file: layout/navbar.php
#0 C:\xampp\htdocs\uasgis\vendor\codeigniter4\framework\system\View\View.php(228): CodeIgniter\Exceptions\FrameworkException::forInvalidFile('layout/navbar.p...')
#1 C:\xampp\htdocs\uasgis\vendor\codeigniter4\framework\system\View\View.php(525): CodeIgniter\View\View->render('layout/navbar', NULL, true)
#2 C:\xampp\htdocs\uasgis\app\Views\layout\template.php(16): CodeIgniter\View\View->include('layout/navbar')
#3 C:\xampp\htdocs\uasgis\vendor\codeigniter4\framework\system\View\View.php(246): include('C:\\xampp\\htdocs...')
#4 C:\xampp\htdocs\uasgis\vendor\codeigniter4\framework\system\View\View.php(257): CodeIgniter\View\View->render('layout/template', Array, true)
#5 C:\xampp\htdocs\uasgis\vendor\codeigniter4\framework\system\Common.php(1119): CodeIgniter\View\View->render('index', Array, true)
#6 C:\xampp\htdocs\uasgis\app\Controllers\Home.php(9): view('index')
#7 C:\xampp\htdocs\uasgis\vendor\codeigniter4\framework\system\CodeIgniter.php(918): App\Controllers\Home->index()
#8 C:\xampp\htdocs\uasgis\vendor\codeigniter4\framework\system\CodeIgniter.php(404): CodeIgniter\CodeIgniter->runController(Object(App\Controllers\Home))
#9 C:\xampp\htdocs\uasgis\vendor\codeigniter4\framework\system\CodeIgniter.php(312): CodeIgniter\CodeIgniter->handleRequest(NULL, Object(Config\Cache), false)
#10 C:\xampp\htdocs\uasgis\public\index.php(45): CodeIgniter\CodeIgniter->run()
#11 C:\xampp\htdocs\uasgis\vendor\codeigniter4\framework\system\Commands\Server\rewrite.php(34): require_once('C:\\xampp\\htdocs...')
#12 {main}
CRITICAL - 2021-01-26 02:10:07 --> Invalid file: layout/navbar.php
#0 C:\xampp\htdocs\uasgis\vendor\codeigniter4\framework\system\View\View.php(228): CodeIgniter\Exceptions\FrameworkException::forInvalidFile('layout/navbar.p...')
#1 C:\xampp\htdocs\uasgis\vendor\codeigniter4\framework\system\View\View.php(525): CodeIgniter\View\View->render('layout/navbar', NULL, true)
#2 C:\xampp\htdocs\uasgis\app\Views\layout\template.php(16): CodeIgniter\View\View->include('layout/navbar')
#3 C:\xampp\htdocs\uasgis\vendor\codeigniter4\framework\system\View\View.php(246): include('C:\\xampp\\htdocs...')
#4 C:\xampp\htdocs\uasgis\vendor\codeigniter4\framework\system\View\View.php(257): CodeIgniter\View\View->render('layout/template', Array, true)
#5 C:\xampp\htdocs\uasgis\vendor\codeigniter4\framework\system\Common.php(1119): CodeIgniter\View\View->render('index', Array, true)
#6 C:\xampp\htdocs\uasgis\app\Controllers\Home.php(9): view('index')
#7 C:\xampp\htdocs\uasgis\vendor\codeigniter4\framework\system\CodeIgniter.php(918): App\Controllers\Home->index()
#8 C:\xampp\htdocs\uasgis\vendor\codeigniter4\framework\system\CodeIgniter.php(404): CodeIgniter\CodeIgniter->runController(Object(App\Controllers\Home))
#9 C:\xampp\htdocs\uasgis\vendor\codeigniter4\framework\system\CodeIgniter.php(312): CodeIgniter\CodeIgniter->handleRequest(NULL, Object(Config\Cache), false)
#10 C:\xampp\htdocs\uasgis\public\index.php(45): CodeIgniter\CodeIgniter->run()
#11 C:\xampp\htdocs\uasgis\vendor\codeigniter4\framework\system\Commands\Server\rewrite.php(34): require_once('C:\\xampp\\htdocs...')
#12 {main}
CRITICAL - 2021-01-26 02:11:32 --> Invalid file: .php
#0 C:\xampp\htdocs\uasgis\vendor\codeigniter4\framework\system\View\View.php(228): CodeIgniter\Exceptions\FrameworkException::forInvalidFile('.php')
#1 C:\xampp\htdocs\uasgis\vendor\codeigniter4\framework\system\Common.php(1119): CodeIgniter\View\View->render('', Array, true)
#2 C:\xampp\htdocs\uasgis\app\Controllers\Home.php(9): view('')
#3 C:\xampp\htdocs\uasgis\vendor\codeigniter4\framework\system\CodeIgniter.php(918): App\Controllers\Home->index()
#4 C:\xampp\htdocs\uasgis\vendor\codeigniter4\framework\system\CodeIgniter.php(404): CodeIgniter\CodeIgniter->runController(Object(App\Controllers\Home))
#5 C:\xampp\htdocs\uasgis\vendor\codeigniter4\framework\system\CodeIgniter.php(312): CodeIgniter\CodeIgniter->handleRequest(NULL, Object(Config\Cache), false)
#6 C:\xampp\htdocs\uasgis\public\index.php(45): CodeIgniter\CodeIgniter->run()
#7 C:\xampp\htdocs\uasgis\vendor\codeigniter4\framework\system\Commands\Server\rewrite.php(34): require_once('C:\\xampp\\htdocs...')
#8 {main}
CRITICAL - 2021-01-26 02:51:48 --> syntax error, unexpected 'return' (T_RETURN)
#0 C:\xampp\htdocs\uasgis\vendor\codeigniter4\framework\system\Autoloader\Autoloader.php(296): CodeIgniter\Autoloader\Autoloader->requireFile('C:\\xampp\\htdocs...')
#1 C:\xampp\htdocs\uasgis\vendor\codeigniter4\framework\system\Autoloader\Autoloader.php(258): CodeIgniter\Autoloader\Autoloader->loadInNamespace('App\\Controllers...')
#2 [internal function]: CodeIgniter\Autoloader\Autoloader->loadClass('App\\Controllers...')
#3 [internal function]: spl_autoload_call('App\\Controllers...')
#4 C:\xampp\htdocs\uasgis\vendor\codeigniter4\framework\system\CodeIgniter.php(869): class_exists('\\App\\Controller...', true)
#5 C:\xampp\htdocs\uasgis\vendor\codeigniter4\framework\system\CodeIgniter.php(394): CodeIgniter\CodeIgniter->startController()
#6 C:\xampp\htdocs\uasgis\vendor\codeigniter4\framework\system\CodeIgniter.php(312): CodeIgniter\CodeIgniter->handleRequest(NULL, Object(Config\Cache), false)
#7 C:\xampp\htdocs\uasgis\public\index.php(45): CodeIgniter\CodeIgniter->run()
#8 C:\xampp\htdocs\uasgis\vendor\codeigniter4\framework\system\Commands\Server\rewrite.php(34): require_once('C:\\xampp\\htdocs...')
#9 {main}
CRITICAL - 2021-01-26 02:52:19 --> syntax error, unexpected 'return' (T_RETURN)
#0 C:\xampp\htdocs\uasgis\vendor\codeigniter4\framework\system\Autoloader\Autoloader.php(296): CodeIgniter\Autoloader\Autoloader->requireFile('C:\\xampp\\htdocs...')
#1 C:\xampp\htdocs\uasgis\vendor\codeigniter4\framework\system\Autoloader\Autoloader.php(258): CodeIgniter\Autoloader\Autoloader->loadInNamespace('App\\Controllers...')
#2 [internal function]: CodeIgniter\Autoloader\Autoloader->loadClass('App\\Controllers...')
#3 [internal function]: spl_autoload_call('App\\Controllers...')
#4 C:\xampp\htdocs\uasgis\vendor\codeigniter4\framework\system\CodeIgniter.php(869): class_exists('\\App\\Controller...', true)
#5 C:\xampp\htdocs\uasgis\vendor\codeigniter4\framework\system\CodeIgniter.php(394): CodeIgniter\CodeIgniter->startController()
#6 C:\xampp\htdocs\uasgis\vendor\codeigniter4\framework\system\CodeIgniter.php(312): CodeIgniter\CodeIgniter->handleRequest(NULL, Object(Config\Cache), false)
#7 C:\xampp\htdocs\uasgis\public\index.php(45): CodeIgniter\CodeIgniter->run()
#8 C:\xampp\htdocs\uasgis\vendor\codeigniter4\framework\system\Commands\Server\rewrite.php(34): require_once('C:\\xampp\\htdocs...')
#9 {main}
CRITICAL - 2021-01-26 03:47:42 --> syntax error, unexpected '?>'
#0 C:\xampp\htdocs\uasgis\vendor\codeigniter4\framework\system\View\View.php(257): CodeIgniter\View\View->render('layout/template', Array, true)
#1 C:\xampp\htdocs\uasgis\vendor\codeigniter4\framework\system\Common.php(1119): CodeIgniter\View\View->render('index', Array, true)
#2 C:\xampp\htdocs\uasgis\app\Controllers\Home.php(13): view('index', Array)
#3 C:\xampp\htdocs\uasgis\vendor\codeigniter4\framework\system\CodeIgniter.php(918): App\Controllers\Home->index()
#4 C:\xampp\htdocs\uasgis\vendor\codeigniter4\framework\system\CodeIgniter.php(404): CodeIgniter\CodeIgniter->runController(Object(App\Controllers\Home))
#5 C:\xampp\htdocs\uasgis\vendor\codeigniter4\framework\system\CodeIgniter.php(312): CodeIgniter\CodeIgniter->handleRequest(NULL, Object(Config\Cache), false)
#6 C:\xampp\htdocs\uasgis\public\index.php(45): CodeIgniter\CodeIgniter->run()
#7 C:\xampp\htdocs\uasgis\vendor\codeigniter4\framework\system\Commands\Server\rewrite.php(34): require_once('C:\\xampp\\htdocs...')
#8 {main}
